[2m2:18:34 PM[22m [31m[1m[vite][22m[39m [31m[2m(client)[22m[39m Pre-transform error: C:\Users\kjford\Documents\dev\pacelab\src\app\(auth)\login\page.tsx: Expected corresponding JSX closing tag for <div>. (985:10)

[0m [90m 983 |[39m               [33m<[39m[33m/[39m[33mdiv[39m[33m>[39m
 [90m 984 |[39m             [33m<[39m[33m/[39m[33mdiv[39m[33m>[39m
[31m[1m>[22m[39m[90m 985 |[39m           [33m<[39m[33m/[39m[33msection[39m[33m>[39m
 [90m     |[39m           [31m[1m^[22m[39m
 [90m 986 |[39m         [33m<[39m[33m/[39m[33mdiv[39m[33m>[39m
 [90m 987 |[39m       [33m<[39m[33m/[39m[33mdiv[39m[33m>[39m
 [90m 988 |[39m     [33m<[39m[33m/[39m[33mmain[39m[33m>[39m[0m
  Plugin: [35mvite:react-babel[39m
  File: [36mC:/Users/kjford/Documents/dev/pacelab/src/app/(auth)/login/page.tsx[39m:985:10
[2m2:18:36 PM[22m [31m[1m[vite][22m[39m [31mInternal server error: C:\Users\kjford\Documents\dev\pacelab\src\app\(auth)\login\page.tsx: Expected corresponding JSX closing tag for <div>. (985:10)

[0m [90m 983 |[31m               [33m<[31m[33m/[31m[33mdiv[31m[33m>[31m
 [90m 984 |[31m             [33m<[31m[33m/[31m[33mdiv[31m[33m>[31m
[31m[1m>[22m[31m[90m 985 |[31m           [33m<[31m[33m/[31m[33msection[31m[33m>[31m
 [90m     |[31m           [31m[1m^[22m[31m
 [90m 986 |[31m         [33m<[31m[33m/[31m[33mdiv[31m[33m>[31m
 [90m 987 |[31m       [33m<[31m[33m/[31m[33mdiv[31m[33m>[31m
 [90m 988 |[31m     [33m<[31m[33m/[31m[33mmain[31m[33m>[31m[0m[39m
  Plugin: [35mvite:react-babel[39m
  File: [36mC:/Users/kjford/Documents/dev/pacelab/src/app/(auth)/login/page.tsx[39m:985:10
      at constructor (C:\Users\kjford\Documents\dev\pacelab\node_modules\@babel\parser\lib\index.js:365:19)
      at TypeScriptParserMixin.raise (C:\Users\kjford\Documents\dev\pacelab\node_modules\@babel\parser\lib\index.js:6599:19)
      at TypeScriptParserMixin.jsxParseElementAt (C:\Users\kjford\Documents\dev\pacelab\node_modules\@babel\parser\lib\index.js:4727:16)
      at TypeScriptParserMixin.jsxParseElementAt (C:\Users\kjford\Documents\dev\pacelab\node_modules\@babel\parser\lib\index.js:4698:32)
      at TypeScriptParserMixin.jsxParseElementAt (C:\Users\kjford\Documents\dev\pacelab\node_modules\@babel\parser\lib\index.js:4698:32)
      at TypeScriptParserMixin.jsxParseElementAt (C:\Users\kjford\Documents\dev\pacelab\node_modules\@babel\parser\lib\index.js:4698:32)
      at TypeScriptParserMixin.jsxParseElementAt (C:\Users\kjford\Documents\dev\pacelab\node_modules\@babel\parser\lib\index.js:4698:32)
      at TypeScriptParserMixin.jsxParseElement (C:\Users\kjford\Documents\dev\pacelab\node_modules\@babel\parser\lib\index.js:4749:17)
      at TypeScriptParserMixin.parseExprAtom (C:\Users\kjford\Documents\dev\pacelab\node_modules\@babel\parser\lib\index.js:4759:19)
      at TypeScriptParserMixin.parseExprSubscripts (C:\Users\kjford\Documents\dev\pacelab\node_modules\@babel\parser\lib\index.js:11081:23)
      at TypeScriptParserMixin.parseUpdate (C:\Users\kjford\Documents\dev\pacelab\node_modules\@babel\parser\lib\index.js:11066:21)
      at TypeScriptParserMixin.parseMaybeUnary (C:\Users\kjford\Documents\dev\pacelab\node_modules\@babel\parser\lib\index.js:11046:23)
      at TypeScriptParserMixin.parseMaybeUnary (C:\Users\kjford\Documents\dev\pacelab\node_modules\@babel\parser\lib\index.js:9837:18)
      at TypeScriptParserMixin.parseMaybeUnaryOrPrivate (C:\Users\kjford\Documents\dev\pacelab\node_modules\@babel\parser\lib\index.js:10899:61)
      at TypeScriptParserMixin.parseExprOps (C:\Users\kjford\Documents\dev\pacelab\node_modules\@babel\parser\lib\index.js:10904:23)
      at TypeScriptParserMixin.parseMaybeConditional (C:\Users\kjford\Documents\dev\pacelab\node_modules\@babel\parser\lib\index.js:10881:23)
      at TypeScriptParserMixin.parseMaybeAssign (C:\Users\kjford\Documents\dev\pacelab\node_modules\@babel\parser\lib\index.js:10831:21)
      at C:\Users\kjford\Documents\dev\pacelab\node_modules\@babel\parser\lib\index.js:9775:39
      at TypeScriptParserMixin.tryParse (C:\Users\kjford\Documents\dev\pacelab\node_modules\@babel\parser\lib\index.js:6907:20)
      at TypeScriptParserMixin.parseMaybeAssign (C:\Users\kjford\Documents\dev\pacelab\node_modules\@babel\parser\lib\index.js:9775:18)
      at C:\Users\kjford\Documents\dev\pacelab\node_modules\@babel\parser\lib\index.js:10800:39
      at TypeScriptParserMixin.allowInAnd (C:\Users\kjford\Documents\dev\pacelab\node_modules\@babel\parser\lib\index.js:12426:12)
      at TypeScriptParserMixin.parseMaybeAssignAllowIn (C:\Users\kjford\Documents\dev\pacelab\node_modules\@babel\parser\lib\index.js:10800:17)
      at TypeScriptParserMixin.parseMaybeAssignAllowInOrVoidPattern (C:\Users\kjford\Documents\dev\pacelab\node_modules\@babel\parser\lib\index.js:12493:17)
      at TypeScriptParserMixin.parseParenAndDistinguishExpression (C:\Users\kjford\Documents\dev\pacelab\node_modules\@babel\parser\lib\index.js:11675:28)
      at TypeScriptParserMixin.parseExprAtom (C:\Users\kjford\Documents\dev\pacelab\node_modules\@babel\parser\lib\index.js:11331:23)
      at TypeScriptParserMixin.parseExprAtom (C:\Users\kjford\Documents\dev\pacelab\node_modules\@babel\parser\lib\index.js:4764:20)
      at TypeScriptParserMixin.parseExprSubscripts (C:\Users\kjford\Documents\dev\pacelab\node_modules\@babel\parser\lib\index.js:11081:23)
      at TypeScriptParserMixin.parseUpdate (C:\Users\kjford\Documents\dev\pacelab\node_modules\@babel\parser\lib\index.js:11066:21)
      at TypeScriptParserMixin.parseMaybeUnary (C:\Users\kjford\Documents\dev\pacelab\node_modules\@babel\parser\lib\index.js:11046:23)
      at TypeScriptParserMixin.parseMaybeUnary (C:\Users\kjford\Documents\dev\pacelab\node_modules\@babel\parser\lib\index.js:9837:18)
      at TypeScriptParserMixin.parseMaybeUnaryOrPrivate (C:\Users\kjford\Documents\dev\pacelab\node_modules\@babel\parser\lib\index.js:10899:61)
      at TypeScriptParserMixin.parseExprOps (C:\Users\kjford\Documents\dev\pacelab\node_modules\@babel\parser\lib\index.js:10904:23)
      at TypeScriptParserMixin.parseMaybeConditional (C:\Users\kjford\Documents\dev\pacelab\node_modules\@babel\parser\lib\index.js:10881:23)
      at TypeScriptParserMixin.parseMaybeAssign (C:\Users\kjford\Documents\dev\pacelab\node_modules\@babel\parser\lib\index.js:10831:21)
      at TypeScriptParserMixin.parseMaybeAssign (C:\Users\kjford\Documents\dev\pacelab\node_modules\@babel\parser\lib\index.js:9786:20)
      at TypeScriptParserMixin.parseExpressionBase (C:\Users\kjford\Documents\dev\pacelab\node_modules\@babel\parser\lib\index.js:10784:23)
      at C:\Users\kjford\Documents\dev\pacelab\node_modules\@babel\parser\lib\index.js:10780:39
      at TypeScriptParserMixin.allowInAnd (C:\Users\kjford\Documents\dev\pacelab\node_modules\@babel\parser\lib\index.js:12421:16)
      at TypeScriptParserMixin.parseExpression (C:\Users\kjford\Documents\dev\pacelab\node_modules\@babel\parser\lib\index.js:10780:17)
      at TypeScriptParserMixin.parseReturnStatement (C:\Users\kjford\Documents\dev\pacelab\node_modules\@babel\parser\lib\index.js:13142:28)
      at TypeScriptParserMixin.parseStatementContent (C:\Users\kjford\Documents\dev\pacelab\node_modules\@babel\parser\lib\index.js:12798:21)
      at TypeScriptParserMixin.parseStatementContent (C:\Users\kjford\Documents\dev\pacelab\node_modules\@babel\parser\lib\index.js:9508:18)
      at TypeScriptParserMixin.parseStatementLike (C:\Users\kjford\Documents\dev\pacelab\node_modules\@babel\parser\lib\index.js:12767:17)
      at TypeScriptParserMixin.parseStatementListItem (C:\Users\kjford\Documents\dev\pacelab\node_modules\@babel\parser\lib\index.js:12747:17)
      at TypeScriptParserMixin.parseBlockOrModuleBlockBody (C:\Users\kjford\Documents\dev\pacelab\node_modules\@babel\parser\lib\index.js:13316:61)
      at TypeScriptParserMixin.parseBlockBody (C:\Users\kjford\Documents\dev\pacelab\node_modules\@babel\parser\lib\index.js:13309:10)
      at TypeScriptParserMixin.parseBlock (C:\Users\kjford\Documents\dev\pacelab\node_modules\@babel\parser\lib\index.js:13297:10)
      at TypeScriptParserMixin.parseFunctionBody (C:\Users\kjford\Documents\dev\pacelab\node_modules\@babel\parser\lib\index.js:12100:24)
      at TypeScriptParserMixin.parseFunctionBodyAndFinish (C:\Users\kjford\Documents\dev\pacelab\node_modules\@babel\parser\lib\index.js:12086:10)
[2m2:19:56 PM[22m [31m[1m[vite][22m[39m [31m[2m(client)[22m[39m Pre-transform error: C:\Users\kjford\Documents\dev\pacelab\src\app\(auth)\login\page.tsx: Expected corresponding JSX closing tag for <div>. (985:10)

[0m [90m 983 |[39m               [33m<[39m[33m/[39m[33mdiv[39m[33m>[39m
 [90m 984 |[39m             [33m<[39m[33m/[39m[33mdiv[39m[33m>[39m
[31m[1m>[22m[39m[90m 985 |[39m           [33m<[39m[33m/[39m[33msection[39m[33m>[39m
 [90m     |[39m           [31m[1m^[22m[39m
 [90m 986 |[39m         [33m<[39m[33m/[39m[33mdiv[39m[33m>[39m
 [90m 987 |[39m       [33m<[39m[33m/[39m[33mdiv[39m[33m>[39m
 [90m 988 |[39m     [33m<[39m[33m/[39m[33mmain[39m[33m>[39m[0m
  Plugin: [35mvite:react-babel[39m
  File: [36mC:/Users/kjford/Documents/dev/pacelab/src/app/(auth)/login/page.tsx[39m:985:10
[2m2:19:56 PM[22m [31m[1m[vite][22m[39m [31mInternal server error: C:\Users\kjford\Documents\dev\pacelab\src\app\(auth)\login\page.tsx: Expected corresponding JSX closing tag for <div>. (985:10)

[0m [90m 983 |[31m               [33m<[31m[33m/[31m[33mdiv[31m[33m>[31m
 [90m 984 |[31m             [33m<[31m[33m/[31m[33mdiv[31m[33m>[31m
[31m[1m>[22m[31m[90m 985 |[31m           [33m<[31m[33m/[31m[33msection[31m[33m>[31m
 [90m     |[31m           [31m[1m^[22m[31m
 [90m 986 |[31m         [33m<[31m[33m/[31m[33mdiv[31m[33m>[31m
 [90m 987 |[31m       [33m<[31m[33m/[31m[33mdiv[31m[33m>[31m
 [90m 988 |[31m     [33m<[31m[33m/[31m[33mmain[31m[33m>[31m[0m[39m
  Plugin: [35mvite:react-babel[39m
  File: [36mC:/Users/kjford/Documents/dev/pacelab/src/app/(auth)/login/page.tsx[39m:985:10
      at constructor (C:\Users\kjford\Documents\dev\pacelab\node_modules\@babel\parser\lib\index.js:365:19)
      at TypeScriptParserMixin.raise (C:\Users\kjford\Documents\dev\pacelab\node_modules\@babel\parser\lib\index.js:6599:19)
      at TypeScriptParserMixin.jsxParseElementAt (C:\Users\kjford\Documents\dev\pacelab\node_modules\@babel\parser\lib\index.js:4727:16)
      at TypeScriptParserMixin.jsxParseElementAt (C:\Users\kjford\Documents\dev\pacelab\node_modules\@babel\parser\lib\index.js:4698:32)
      at TypeScriptParserMixin.jsxParseElementAt (C:\Users\kjford\Documents\dev\pacelab\node_modules\@babel\parser\lib\index.js:4698:32)
      at TypeScriptParserMixin.jsxParseElementAt (C:\Users\kjford\Documents\dev\pacelab\node_modules\@babel\parser\lib\index.js:4698:32)
      at TypeScriptParserMixin.jsxParseElementAt (C:\Users\kjford\Documents\dev\pacelab\node_modules\@babel\parser\lib\index.js:4698:32)
      at TypeScriptParserMixin.jsxParseElement (C:\Users\kjford\Documents\dev\pacelab\node_modules\@babel\parser\lib\index.js:4749:17)
      at TypeScriptParserMixin.parseExprAtom (C:\Users\kjford\Documents\dev\pacelab\node_modules\@babel\parser\lib\index.js:4759:19)
      at TypeScriptParserMixin.parseExprSubscripts (C:\Users\kjford\Documents\dev\pacelab\node_modules\@babel\parser\lib\index.js:11081:23)
      at TypeScriptParserMixin.parseUpdate (C:\Users\kjford\Documents\dev\pacelab\node_modules\@babel\parser\lib\index.js:11066:21)
      at TypeScriptParserMixin.parseMaybeUnary (C:\Users\kjford\Documents\dev\pacelab\node_modules\@babel\parser\lib\index.js:11046:23)
      at TypeScriptParserMixin.parseMaybeUnary (C:\Users\kjford\Documents\dev\pacelab\node_modules\@babel\parser\lib\index.js:9837:18)
      at TypeScriptParserMixin.parseMaybeUnaryOrPrivate (C:\Users\kjford\Documents\dev\pacelab\node_modules\@babel\parser\lib\index.js:10899:61)
      at TypeScriptParserMixin.parseExprOps (C:\Users\kjford\Documents\dev\pacelab\node_modules\@babel\parser\lib\index.js:10904:23)
      at TypeScriptParserMixin.parseMaybeConditional (C:\Users\kjford\Documents\dev\pacelab\node_modules\@babel\parser\lib\index.js:10881:23)
      at TypeScriptParserMixin.parseMaybeAssign (C:\Users\kjford\Documents\dev\pacelab\node_modules\@babel\parser\lib\index.js:10831:21)
      at C:\Users\kjford\Documents\dev\pacelab\node_modules\@babel\parser\lib\index.js:9775:39
      at TypeScriptParserMixin.tryParse (C:\Users\kjford\Documents\dev\pacelab\node_modules\@babel\parser\lib\index.js:6907:20)
      at TypeScriptParserMixin.parseMaybeAssign (C:\Users\kjford\Documents\dev\pacelab\node_modules\@babel\parser\lib\index.js:9775:18)
      at C:\Users\kjford\Documents\dev\pacelab\node_modules\@babel\parser\lib\index.js:10800:39
      at TypeScriptParserMixin.allowInAnd (C:\Users\kjford\Documents\dev\pacelab\node_modules\@babel\parser\lib\index.js:12426:12)
      at TypeScriptParserMixin.parseMaybeAssignAllowIn (C:\Users\kjford\Documents\dev\pacelab\node_modules\@babel\parser\lib\index.js:10800:17)
      at TypeScriptParserMixin.parseMaybeAssignAllowInOrVoidPattern (C:\Users\kjford\Documents\dev\pacelab\node_modules\@babel\parser\lib\index.js:12493:17)
      at TypeScriptParserMixin.parseParenAndDistinguishExpression (C:\Users\kjford\Documents\dev\pacelab\node_modules\@babel\parser\lib\index.js:11675:28)
      at TypeScriptParserMixin.parseExprAtom (C:\Users\kjford\Documents\dev\pacelab\node_modules\@babel\parser\lib\index.js:11331:23)
      at TypeScriptParserMixin.parseExprAtom (C:\Users\kjford\Documents\dev\pacelab\node_modules\@babel\parser\lib\index.js:4764:20)
      at TypeScriptParserMixin.parseExprSubscripts (C:\Users\kjford\Documents\dev\pacelab\node_modules\@babel\parser\lib\index.js:11081:23)
      at TypeScriptParserMixin.parseUpdate (C:\Users\kjford\Documents\dev\pacelab\node_modules\@babel\parser\lib\index.js:11066:21)
      at TypeScriptParserMixin.parseMaybeUnary (C:\Users\kjford\Documents\dev\pacelab\node_modules\@babel\parser\lib\index.js:11046:23)
      at TypeScriptParserMixin.parseMaybeUnary (C:\Users\kjford\Documents\dev\pacelab\node_modules\@babel\parser\lib\index.js:9837:18)
      at TypeScriptParserMixin.parseMaybeUnaryOrPrivate (C:\Users\kjford\Documents\dev\pacelab\node_modules\@babel\parser\lib\index.js:10899:61)
      at TypeScriptParserMixin.parseExprOps (C:\Users\kjford\Documents\dev\pacelab\node_modules\@babel\parser\lib\index.js:10904:23)
      at TypeScriptParserMixin.parseMaybeConditional (C:\Users\kjford\Documents\dev\pacelab\node_modules\@babel\parser\lib\index.js:10881:23)
      at TypeScriptParserMixin.parseMaybeAssign (C:\Users\kjford\Documents\dev\pacelab\node_modules\@babel\parser\lib\index.js:10831:21)
      at TypeScriptParserMixin.parseMaybeAssign (C:\Users\kjford\Documents\dev\pacelab\node_modules\@babel\parser\lib\index.js:9786:20)
      at TypeScriptParserMixin.parseExpressionBase (C:\Users\kjford\Documents\dev\pacelab\node_modules\@babel\parser\lib\index.js:10784:23)
      at C:\Users\kjford\Documents\dev\pacelab\node_modules\@babel\parser\lib\index.js:10780:39
      at TypeScriptParserMixin.allowInAnd (C:\Users\kjford\Documents\dev\pacelab\node_modules\@babel\parser\lib\index.js:12421:16)
      at TypeScriptParserMixin.parseExpression (C:\Users\kjford\Documents\dev\pacelab\node_modules\@babel\parser\lib\index.js:10780:17)
      at TypeScriptParserMixin.parseReturnStatement (C:\Users\kjford\Documents\dev\pacelab\node_modules\@babel\parser\lib\index.js:13142:28)
      at TypeScriptParserMixin.parseStatementContent (C:\Users\kjford\Documents\dev\pacelab\node_modules\@babel\parser\lib\index.js:12798:21)
      at TypeScriptParserMixin.parseStatementContent (C:\Users\kjford\Documents\dev\pacelab\node_modules\@babel\parser\lib\index.js:9508:18)
      at TypeScriptParserMixin.parseStatementLike (C:\Users\kjford\Documents\dev\pacelab\node_modules\@babel\parser\lib\index.js:12767:17)
      at TypeScriptParserMixin.parseStatementListItem (C:\Users\kjford\Documents\dev\pacelab\node_modules\@babel\parser\lib\index.js:12747:17)
      at TypeScriptParserMixin.parseBlockOrModuleBlockBody (C:\Users\kjford\Documents\dev\pacelab\node_modules\@babel\parser\lib\index.js:13316:61)
      at TypeScriptParserMixin.parseBlockBody (C:\Users\kjford\Documents\dev\pacelab\node_modules\@babel\parser\lib\index.js:13309:10)
      at TypeScriptParserMixin.parseBlock (C:\Users\kjford\Documents\dev\pacelab\node_modules\@babel\parser\lib\index.js:13297:10)
      at TypeScriptParserMixin.parseFunctionBody (C:\Users\kjford\Documents\dev\pacelab\node_modules\@babel\parser\lib\index.js:12100:24)
      at TypeScriptParserMixin.parseFunctionBodyAndFinish (C:\Users\kjford\Documents\dev\pacelab\node_modules\@babel\parser\lib\index.js:12086:10)
